* using log directory 'C:/Users/jackl/Documents/GitHub/LinearModel-RViz-Summer2019/ggLinearModel.Rcheck'
* using R version 3.6.1 (2019-07-05)
* using platform: x86_64-w64-mingw32 (64-bit)
* using session charset: ISO8859-1
* using options '--no-manual --as-cran'
* checking for file 'ggLinearModel/DESCRIPTION' ... OK
* checking extension type ... Package
* this is package 'ggLinearModel' version '0.1.0'
* package encoding: UTF-8
* checking package namespace information ... OK
* checking package dependencies ... OK
* checking if this is a source package ... OK
* checking if there is a namespace ... OK
* checking for .dll and .exe files ... OK
* checking for hidden files and directories ... OK
* checking for portable file names ... OK
* checking serialization versions ... OK
* checking whether package 'ggLinearModel' can be installed ... OK
* checking package directory ... OK
* checking for future file timestamps ... OK
* checking DESCRIPTION meta-information ... OK
* checking top-level files ... OK
* checking for left-over files ... OK
* checking index information ... OK
* checking package subdirectories ... OK
* checking R files for non-ASCII characters ... OK
* checking R files for syntax errors ... OK
* checking whether the package can be loaded ... OK
* checking whether the package can be loaded with stated dependencies ... OK
* checking whether the package can be unloaded cleanly ... OK
* checking whether the namespace can be loaded with stated dependencies ... OK
* checking whether the namespace can be unloaded cleanly ... OK
* checking loading without being on the library search path ... OK
* checking dependencies in R code ... NOTE
Packages in Depends field not imported from:
  'ggiraph' 'plotly' 'rlang' 'tidyverse'
  These packages need to be imported from (in the NAMESPACE file)
  for when this namespace is loaded but not attached.
* checking S3 generic/method consistency ... OK
* checking replacement functions ... OK
* checking foreign function calls ... OK
* checking R code for possible problems ... NOTE
add_ci_poly: no visible global function definition for '%>%'
add_ci_poly: no visible global function definition for 'pull'
add_ci_poly: no visible global function definition for 'predict'
add_ci_poly: no visible global function definition for 'geom_ribbon'
add_ci_poly: no visible global function definition for 'aes_string'
add_ci_poly: no visible global function definition for 'aes'
add_pi_poly: no visible global function definition for '%>%'
add_pi_poly: no visible global function definition for 'pull'
add_pi_poly: no visible global function definition for 'predict'
add_pi_poly: no visible global function definition for 'geom_ribbon'
add_pi_poly: no visible global function definition for 'aes_string'
add_pi_poly: no visible global function definition for 'aes'
rl: no visible global function definition for 'is_tibble'
rl: no visible global function definition for 'as_label'
rl: no visible global function definition for 'enquo'
rl_full_model: no visible global function definition for 'is_tibble'
rl_full_model: no visible global function definition for '%>%'
rl_full_model: no visible global function definition for 'pull'
rl_full_model: no visible global function definition for 'as_label'
rl_full_model: no visible global function definition for 'enquo'
rl_full_model: no visible global function definition for 'lm'
rl_full_model: no visible global function definition for 'ggplot'
rl_full_model: no visible global function definition for 'predict'
rl_full_model: no visible global function definition for 'geom_ribbon'
rl_full_model: no visible global function definition for 'aes_string'
rl_full_model: no visible global function definition for
  'geom_point_interactive'
rl_full_model: no visible global function definition for 'aes'
rl_full_model: no visible binding for global variable 'tooltip'
rl_full_model: no visible global function definition for
  'geom_segment_interactive'
rl_full_model: no visible global function definition for 'geom_point'
rl_full_model: no visible global function definition for 'geom_segment'
rl_full_model: no visible global function definition for 'ggtitle'
rl_full_model: no visible global function definition for 'xlab'
rl_full_model: no visible global function definition for 'ylab'
rl_full_model: no visible global function definition for 'labs'
rl_full_model: no visible global function definition for 'ggiraph'
rl_full_model: no visible global function definition for 'ggplotly'
rl_full_model: no visible binding for global variable 'Species'
rl_linear: no visible global function definition for 'is_tibble'
rl_linear: no visible global function definition for 'as_label'
rl_linear: no visible global function definition for 'enquo'
rl_poly_full_model: no visible global function definition for
  'is_tibble'
rl_poly_full_model: no visible global function definition for '%>%'
rl_poly_full_model: no visible global function definition for 'pull'
rl_poly_full_model: no visible global function definition for
  'as_label'
rl_poly_full_model: no visible global function definition for 'enquo'
rl_poly_full_model: no visible global function definition for 'lm'
rl_poly_full_model: no visible global function definition for 'ggplot'
rl_poly_full_model: no visible global function definition for
  'geom_point_interactive'
rl_poly_full_model: no visible global function definition for 'aes'
rl_poly_full_model: no visible binding for global variable 'tooltip'
rl_poly_full_model: no visible global function definition for
  'geom_path_interactive'
rl_poly_full_model: no visible global function definition for
  'aes_string'
rl_poly_full_model: no visible global function definition for
  'geom_point'
rl_poly_full_model: no visible global function definition for
  'stat_function'
rl_poly_full_model: no visible global function definition for 'ggtitle'
rl_poly_full_model: no visible global function definition for 'xlab'
rl_poly_full_model: no visible global function definition for 'ylab'
rl_poly_full_model: no visible global function definition for 'labs'
rl_poly_full_model: no visible global function definition for 'ggiraph'
rl_poly_full_model: no visible global function definition for
  'ggplotly'
rl_poly_full_model: no visible binding for global variable 'Species'
rl_poly_same_intercept: no visible global function definition for
  'is_tibble'
rl_poly_same_intercept: no visible global function definition for '%>%'
rl_poly_same_intercept: no visible global function definition for
  'pull'
rl_poly_same_intercept: no visible global function definition for
  'as_label'
rl_poly_same_intercept: no visible global function definition for
  'enquo'
rl_poly_same_intercept: no visible global function definition for 'lm'
rl_poly_same_intercept: no visible global function definition for
  'ggplot'
rl_poly_same_intercept: no visible global function definition for
  'geom_point_interactive'
rl_poly_same_intercept: no visible global function definition for 'aes'
rl_poly_same_intercept: no visible binding for global variable
  'tooltip'
rl_poly_same_intercept: no visible global function definition for
  'geom_path_interactive'
rl_poly_same_intercept: no visible global function definition for
  'aes_string'
rl_poly_same_intercept: no visible global function definition for
  'geom_point'
rl_poly_same_intercept: no visible global function definition for
  'stat_function'
rl_poly_same_intercept: no visible global function definition for
  'ggtitle'
rl_poly_same_intercept: no visible global function definition for
  'xlab'
rl_poly_same_intercept: no visible global function definition for
  'ylab'
rl_poly_same_intercept: no visible global function definition for
  'labs'
rl_poly_same_intercept: no visible global function definition for
  'ggiraph'
rl_poly_same_intercept: no visible global function definition for
  'ggplotly'
rl_poly_same_intercept: no visible binding for global variable
  'Species'
rl_poly_same_line: no visible global function definition for
  'is_tibble'
rl_poly_same_line: no visible global function definition for '%>%'
rl_poly_same_line: no visible global function definition for 'pull'
rl_poly_same_line: no visible global function definition for 'as_label'
rl_poly_same_line: no visible global function definition for 'enquo'
rl_poly_same_line: no visible global function definition for 'ggplot'
rl_poly_same_line: no visible global function definition for 'lm'
rl_poly_same_line: no visible global function definition for
  'geom_point_interactive'
rl_poly_same_line: no visible global function definition for 'aes'
rl_poly_same_line: no visible global function definition for
  'geom_path_interactive'
rl_poly_same_line: no visible global function definition for
  'geom_point'
rl_poly_same_line: no visible global function definition for
  'stat_function'
rl_poly_same_line: no visible global function definition for 'ggtitle'
rl_poly_same_line: no visible global function definition for 'xlab'
rl_poly_same_line: no visible global function definition for 'ylab'
rl_poly_same_line: no visible global function definition for 'labs'
rl_poly_same_line: no visible global function definition for 'ggiraph'
rl_poly_same_line: no visible global function definition for 'ggplotly'
rl_poly_same_line: no visible binding for global variable 'Species'
rl_poly_same_slope: no visible global function definition for
  'is_tibble'
rl_poly_same_slope: no visible global function definition for '%>%'
rl_poly_same_slope: no visible global function definition for 'pull'
rl_poly_same_slope: no visible global function definition for
  'as_label'
rl_poly_same_slope: no visible global function definition for 'enquo'
rl_poly_same_slope: no visible global function definition for 'ggplot'
rl_poly_same_slope: no visible global function definition for 'lm'
rl_poly_same_slope: no visible global function definition for
  'geom_point_interactive'
rl_poly_same_slope: no visible global function definition for 'aes'
rl_poly_same_slope: no visible binding for global variable 'tooltip'
rl_poly_same_slope: no visible global function definition for
  'geom_path_interactive'
rl_poly_same_slope: no visible global function definition for
  'aes_string'
rl_poly_same_slope: no visible global function definition for
  'geom_point'
rl_poly_same_slope: no visible global function definition for
  'stat_function'
rl_poly_same_slope: no visible global function definition for 'ggtitle'
rl_poly_same_slope: no visible global function definition for 'xlab'
rl_poly_same_slope: no visible global function definition for 'ylab'
rl_poly_same_slope: no visible global function definition for 'labs'
rl_poly_same_slope: no visible global function definition for 'ggiraph'
rl_poly_same_slope: no visible global function definition for
  'ggplotly'
rl_poly_same_slope: no visible binding for global variable 'Species'
rl_polynomial: no visible global function definition for 'is_tibble'
rl_polynomial: no visible global function definition for 'as_label'
rl_polynomial: no visible global function definition for 'enquo'
rl_same_intercept: no visible global function definition for
  'is_tibble'
rl_same_intercept: no visible global function definition for '%>%'
rl_same_intercept: no visible global function definition for 'pull'
rl_same_intercept: no visible global function definition for 'as_label'
rl_same_intercept: no visible global function definition for 'enquo'
rl_same_intercept: no visible global function definition for 'lm'
rl_same_intercept: no visible global function definition for 'ggplot'
rl_same_intercept: no visible global function definition for 'predict'
rl_same_intercept: no visible global function definition for
  'geom_ribbon'
rl_same_intercept: no visible global function definition for
  'aes_string'
rl_same_intercept: no visible global function definition for
  'geom_point_interactive'
rl_same_intercept: no visible global function definition for 'aes'
rl_same_intercept: no visible binding for global variable 'tooltip'
rl_same_intercept: no visible global function definition for
  'geom_segment_interactive'
rl_same_intercept: no visible global function definition for
  'geom_point'
rl_same_intercept: no visible global function definition for
  'geom_segment'
rl_same_intercept: no visible global function definition for 'ggtitle'
rl_same_intercept: no visible global function definition for 'xlab'
rl_same_intercept: no visible global function definition for 'ylab'
rl_same_intercept: no visible global function definition for 'labs'
rl_same_intercept: no visible global function definition for 'ggiraph'
rl_same_intercept: no visible global function definition for 'ggplotly'
rl_same_line: no visible global function definition for 'is_tibble'
rl_same_line: no visible global function definition for '%>%'
rl_same_line: no visible global function definition for 'pull'
rl_same_line: no visible global function definition for 'as_label'
rl_same_line: no visible global function definition for 'enquo'
rl_same_line: no visible global function definition for 'lm'
rl_same_line: no visible global function definition for 'ggplot'
rl_same_line: no visible global function definition for 'predict'
rl_same_line: no visible global function definition for 'geom_ribbon'
rl_same_line: no visible global function definition for 'aes_string'
rl_same_line: no visible global function definition for
  'geom_point_interactive'
rl_same_line: no visible global function definition for 'aes'
rl_same_line: no visible binding for global variable 'tooltip'
rl_same_line: no visible global function definition for
  'geom_segment_interactive'
rl_same_line: no visible global function definition for 'geom_point'
rl_same_line: no visible global function definition for 'geom_segment'
rl_same_line: no visible global function definition for 'ggtitle'
rl_same_line: no visible global function definition for 'xlab'
rl_same_line: no visible global function definition for 'ylab'
rl_same_line: no visible global function definition for 'labs'
rl_same_line: no visible global function definition for 'ggiraph'
rl_same_line: no visible global function definition for 'ggplotly'
rl_same_slope: no visible global function definition for 'is_tibble'
rl_same_slope: no visible global function definition for '%>%'
rl_same_slope: no visible global function definition for 'pull'
rl_same_slope: no visible global function definition for 'as_label'
rl_same_slope: no visible global function definition for 'enquo'
rl_same_slope: no visible global function definition for 'lm'
rl_same_slope: no visible global function definition for 'ggplot'
rl_same_slope: no visible global function definition for 'predict'
rl_same_slope: no visible global function definition for 'geom_ribbon'
rl_same_slope: no visible global function definition for 'aes_string'
rl_same_slope: no visible global function definition for
  'geom_point_interactive'
rl_same_slope: no visible global function definition for 'aes'
rl_same_slope: no visible binding for global variable 'tooltip'
rl_same_slope: no visible global function definition for
  'geom_segment_interactive'
rl_same_slope: no visible global function definition for 'geom_point'
rl_same_slope: no visible global function definition for 'geom_segment'
rl_same_slope: no visible global function definition for 'ggtitle'
rl_same_slope: no visible global function definition for 'xlab'
rl_same_slope: no visible global function definition for 'ylab'
rl_same_slope: no visible global function definition for 'labs'
rl_same_slope: no visible global function definition for 'ggiraph'
rl_same_slope: no visible global function definition for 'ggplotly'
Undefined global functions or variables:
  %>% Species aes aes_string as_label enquo geom_path_interactive
  geom_point geom_point_interactive geom_ribbon geom_segment
  geom_segment_interactive ggiraph ggplot ggplotly ggtitle is_tibble
  labs lm predict pull stat_function tooltip xlab ylab
Consider adding
  importFrom("stats", "lm", "predict")
to your NAMESPACE file.
* checking for missing documentation entries ... WARNING
Undocumented code objects:
  'add_ci_poly' 'add_pi_poly' 'rl' 'rl_full_model' 'rl_linear'
  'rl_plotly' 'rl_poly_full_model' 'rl_poly_same_intercept'
  'rl_poly_same_line' 'rl_poly_same_slope' 'rl_polynomial'
  'rl_same_intercept' 'rl_same_line' 'rl_same_slope'
All user-level objects in a package should have documentation entries.
See chapter 'Writing R documentation files' in the 'Writing R
Extensions' manual.
* checking examples ... NONE
* DONE
Status: 1 WARNING, 2 NOTEs
